#
# There is insufficient memory for the Java Runtime Environment to continue.
# Native memory allocation (mmap) failed to map 134217728 bytes for Failed to commit area from 0x0000000080000000 to 0x0000000088000000 of length 134217728.
# Possible reasons:
#   The system is out of physical RAM or swap space
#   The process is running with CompressedOops enabled, and the Java Heap may be blocking the growth of the native heap
# Possible solutions:
#   Reduce memory load on the system
#   Increase physical memory or swap space
#   Check if swap backing store is full
#   Decrease Java heap size (-Xmx/-Xms)
#   Decrease number of Java threads
#   Decrease Java thread stack sizes (-Xss)
#   Set larger code cache with -XX:ReservedCodeCacheSize=
# This output file may be truncated or incomplete.
#
#  Out of Memory Error (t:/workspace/open/src/hotspot/os/windows/os_windows.cpp:3221), pid=10544, tid=5680
#
# JRE version:  (10.0.2+13) (build )
# Java VM: Java HotSpot(TM) 64-Bit Server VM (10.0.2+13, mixed mode, aot, tiered, compressed oops, g1 gc, windows-amd64)
# No core dump will be written. Minidumps are not enabled by default on client versions of Windows
#

---------------  S U M M A R Y ------------

Command Line: -javaagent:C:\Program Files\JetBrains\IntelliJ IDEA 2018.1.5\lib\idea_rt.jar=59585:C:\Program Files\JetBrains\IntelliJ IDEA 2018.1.5\bin -Dfile.encoding=UTF-8 com.home.PayDesk

Host: Intel(R) Xeon(R) CPU           X5460  @ 3.16GHz, 4 cores, 7G,  Windows 10 , 64 bit Build 17134 (10.0.17134.1)
Time: Mon Oct 22 00:48:27 2018 Oeieyiaey (eaoi) elapsed time: 0 seconds (0d 0h 0m 0s)

---------------  T H R E A D  ---------------

Current thread (0x0000019a8b05f800):  JavaThread "Unknown thread" [_thread_in_vm, id=5680, stack(0x0000004fb2a00000,0x0000004fb2b00000)]

Stack: [0x0000004fb2a00000,0x0000004fb2b00000]
Native frames: (J=compiled Java code, j=interpreted, Vv=VM code, C=native code)
V  [jvm.dll+0x5a01a9]
V  [jvm.dll+0x6bcf31]
V  [jvm.dll+0x6be126]
V  [jvm.dll+0x6be7b3]
V  [jvm.dll+0x234978]
V  [jvm.dll+0x59dac4]
V  [jvm.dll+0x592825]
V  [jvm.dll+0x2f632b]
V  [jvm.dll+0x2f6295]
V  [jvm.dll+0x2f6172]
V  [jvm.dll+0x2f8366]
V  [jvm.dll+0x344293]
V  [jvm.dll+0x3449a6]
V  [jvm.dll+0x344393]
V  [jvm.dll+0x2c4628]
V  [jvm.dll+0x2c5771]
V  [jvm.dll+0x69d1db]
V  [jvm.dll+0x69e9fc]
V  [jvm.dll+0x3519e9]
V  [jvm.dll+0x6856a2]
V  [jvm.dll+0x3ba0c3]
V  [jvm.dll+0x3bc261]
C  [java.exe+0x3531]
C  [java.exe+0xe1af]
C  [java.exe+0xe356]
C  [KERNEL32.DLL+0x13034]
C  [ntdll.dll+0x71461]


---------------  P R O C E S S  ---------------

Threads class SMR info:
_java_thread_list=0x0000019a88ee6a20, length=0, elements={
}

Java Threads: ( => current thread )

Other Threads:
  0x0000019a8b078800 GCTaskThread "GC Thread#0" [stack: 0x0000004fb2b00000,0x0000004fb2c00000] [id=7492]
  0x0000019a8b07a000 GCTaskThread "GC Thread#1" [stack: 0x0000004fb2c00000,0x0000004fb2d00000] [id=7400]
  0x0000019a8b07b800 GCTaskThread "GC Thread#2" [stack: 0x0000004fb2d00000,0x0000004fb2e00000] [id=13648]
  0x0000019a8b07f000 GCTaskThread "GC Thread#3" [stack: 0x0000004fb2e00000,0x0000004fb2f00000] [id=6236]
  0x0000019a8b0f5000 ConcurrentGCThread "G1 Main Marker" [stack: 0x0000004fb2f00000,0x0000004fb3000000] [id=7216]
  0x0000019a8b0f9000 ConcurrentGCThread "G1 Conc#0" [stack: 0x0000004fb3000000,0x0000004fb3100000] [id=5588]

[error occurred during error reporting (printing all threads), id 0xe0000002]

VM state:not at safepoint (not fully initialized)

VM Mutex/Monitor currently owned by a thread:  ([mutex/lock_event])
[0x0000019a8b05eb80] Heap_lock - owner thread: 0x0000019a8b05f800

Heap address: 0x0000000080000000, size: 2048 MB, Compressed Oops mode: Non-zero based: 0x0000000080000000
Narrow klass base: 0x0000000000000000, Narrow klass shift: 0

GC Heap History (0 events):
No events

Deoptimization events (0 events):
No events

Classes redefined (0 events):
No events

Internal exceptions (0 events):
No events

Events (0 events):
No events


Dynamic libraries:
0x00007ff7c1540000 - 0x00007ff7c157e000 	C:\Program Files\Java\jdk-10.0.2\bin\java.exe
0x00007fff9b6f0000 - 0x00007fff9b8d1000 	C:\Windows\SYSTEM32\ntdll.dll
0x00007fff9aea0000 - 0x00007fff9af52000 	C:\Windows\System32\KERNEL32.DLL
0x00007fff985f0000 - 0x00007fff98863000 	C:\Windows\System32\KERNELBASE.dll
0x00007fff993c0000 - 0x00007fff99461000 	C:\Windows\System32\ADVAPI32.dll
0x00007fff995c0000 - 0x00007fff9965e000 	C:\Windows\System32\msvcrt.dll
0x00007fff99360000 - 0x00007fff993bb000 	C:\Windows\System32\sechost.dll
0x00007fff998b0000 - 0x00007fff999d4000 	C:\Windows\System32\RPCRT4.dll
0x00007fff9b3b0000 - 0x00007fff9b540000 	C:\Windows\System32\USER32.dll
0x00007fff98870000 - 0x00007fff98890000 	C:\Windows\System32\win32u.dll
0x00007fff99470000 - 0x00007fff99498000 	C:\Windows\System32\GDI32.dll
0x00007fff98450000 - 0x00007fff985e2000 	C:\Windows\System32\gdi32full.dll
0x00007fff97b10000 - 0x00007fff97baf000 	C:\Windows\System32\msvcp_win.dll
0x00007fff98890000 - 0x00007fff9898a000 	C:\Windows\System32\ucrtbase.dll
0x00007fff92060000 - 0x00007fff9206a000 	C:\Windows\SYSTEM32\VERSION.dll
0x00007fff7f150000 - 0x00007fff7f3b9000 	C:\Windows\WinSxS\amd64_microsoft.windows.common-controls_6595b64144ccf1df_6.0.17134.345_none_fb429a5930656358\COMCTL32.dll
0x00007fff98ef0000 - 0x00007fff99213000 	C:\Windows\System32\combase.dll
0x00007fff983d0000 - 0x00007fff9844a000 	C:\Windows\System32\bcryptPrimitives.dll
0x00007fff98b80000 - 0x00007fff98bad000 	C:\Windows\System32\IMM32.DLL
0x00007fff8e120000 - 0x00007fff8e20f000 	C:\Program Files\Java\jdk-10.0.2\bin\msvcr120.dll
0x00007fff8e070000 - 0x00007fff8e116000 	C:\Program Files\Java\jdk-10.0.2\bin\msvcp120.dll
0x0000000058ba0000 - 0x0000000059610000 	C:\Program Files\Java\jdk-10.0.2\bin\server\jvm.dll
0x00007fff98bb0000 - 0x00007fff98bb8000 	C:\Windows\System32\PSAPI.DLL
0x00007fff85740000 - 0x00007fff85763000 	C:\Windows\SYSTEM32\WINMM.dll
0x00007fff79df0000 - 0x00007fff79df9000 	C:\Windows\SYSTEM32\WSOCK32.dll
0x00007fff9ae20000 - 0x00007fff9ae8c000 	C:\Windows\System32\WS2_32.dll
0x00007fff85710000 - 0x00007fff8573a000 	C:\Windows\SYSTEM32\WINMMBASE.dll
0x00007fff97ac0000 - 0x00007fff97b09000 	C:\Windows\System32\cfgmgr32.dll
0x00007fff94940000 - 0x00007fff9494f000 	C:\Program Files\Java\jdk-10.0.2\bin\verify.dll
0x00007fff91e20000 - 0x00007fff91fe9000 	C:\Windows\SYSTEM32\DBGHELP.DLL
0x00007fff91df0000 - 0x00007fff91e19000 	C:\Windows\SYSTEM32\dbgcore.DLL
0x00007fff94910000 - 0x00007fff94937000 	C:\Program Files\Java\jdk-10.0.2\bin\java.dll
0x00007fff8e000000 - 0x00007fff8e02a000 	C:\Program Files\Java\jdk-10.0.2\bin\instrument.dll
0x00007fff91cc0000 - 0x00007fff91cd6000 	C:\Program Files\Java\jdk-10.0.2\bin\zip.dll
0x00007fff8e030000 - 0x00007fff8e03a000 	C:\Program Files\Java\jdk-10.0.2\bin\jimage.dll

dbghelp: loaded successfully - version: 4.0.5 - missing functions: none
symbol engine: initialized successfully - sym options: 0x614 - pdb path: .;C:\Program Files\Java\jdk-10.0.2\bin;C:\Windows\SYSTEM32;C:\Windows\WinSxS\amd64_microsoft.windows.common-controls_6595b64144ccf1df_6.0.17134.345_none_fb429a5930656358;C:\Program Files\Java\jdk-10.0.2\bin\server

VM Arguments:
jvm_args: -javaagent:C:\Program Files\JetBrains\IntelliJ IDEA 2018.1.5\lib\idea_rt.jar=59585:C:\Program Files\JetBrains\IntelliJ IDEA 2018.1.5\bin -Dfile.encoding=UTF-8 
java_command: com.home.PayDesk
java_class_path (initial): C:\Users\Home\IdeaProjects\MarketStoreSystem\out\production\MarketStoreSystem
Launcher Type: SUN_STANDARD

Logging:
Log output configuration:
#0: stdout all=warning uptime,level,tags
#1: stderr all=off uptime,level,tags

Environment Variables:
PATH=C:\Program Files (x86)\Common Files\Oracle\Java\javapath;C:\Windows\system32;C:\Windows;C:\Windows\System32\Wbem;C:\Windows\System32\WindowsPowerShell\v1.0\;C:\Windows\System32\OpenSSH\;C:\Users\Home\AppData\Local\Microsoft\WindowsApps;C:\Users\Home\AppData\Local\GitHubDesktop\bin
USERNAME=Home
OS=Windows_NT
PROCESSOR_IDENTIFIER=Intel64 Family 6 Model 23 Stepping 10, GenuineIntel



---------------  S Y S T E M  ---------------

OS: Windows 10 , 64 bit Build 17134 (10.0.17134.1)

CPU:total 4 (initial active 4) (4 cores per cpu, 1 threads per core) family 6 model 23 stepping 10, cmov, cx8, fxsr, mmx, sse, sse2, sse3, ssse3, sse4.1, tsc

Memory: 4k page, physical 8387052k(2030692k free), swap 12581356k(118360k free)

vm_info: Java HotSpot(TM) 64-Bit Server VM (10.0.2+13) for windows-amd64 JRE (10.0.2+13), built on Jun 28 2018 01:57:56 by "mach5one" with MS VC++ 12.0 (VS2013)

END.
